<?xml version="1.0" encoding="UTF-8"?>
<testsuite xmlns:xsi="http://www.w3.org/2001/XMLSchema-instance" xsi:noNamespaceSchemaLocation="https://maven.apache.org/surefire/maven-surefire-plugin/xsd/surefire-test-report-3.0.xsd" version="3.0" name="StudentTest" time="0.128" tests="16" errors="0" skipped="0" failures="0">
  <properties>
[...]
</properties>
  <testcase name="testInitialEnrolledSubjects" classname="StudentTest" time="0.052"/>
  <testcase name="testHonorsStudentPassingStatus" classname="StudentTest" time="0.002"/>
  <testcase name="testComputeGPA_NoGrades" classname="StudentTest" time="0.002"/>
  <testcase name="testRegularStudentPassingStatus" classname="StudentTest" time="0.001"/>
  <testcase name="testHonorsStudentFailingStatus" classname="StudentTest" time="0.002"/>
  <testcase name="testRegularStudentCreation" classname="StudentTest" time="0.002"/>
  <testcase name="testRegularStudentFailingStatus" classname="StudentTest" time="0.001"/>
  <testcase name="testRegularStudentPassingGrade" classname="StudentTest" time="0.001"/>
  <testcase name="testHonorsStudentPassingGrade" classname="StudentTest" time="0.001"/>
  <testcase name="testGradeToGPA_A" classname="StudentTest" time="0.001"/>
  <testcase name="testGradeToGPA_B" classname="StudentTest" time="0.001"/>
  <testcase name="testGradeToGPA_C" classname="StudentTest" time="0.001"/>
  <testcase name="testGradeToGPA_D" classname="StudentTest" time="0.001"/>
  <testcase name="testGradeToGPA_F" classname="StudentTest" time="0.001"/>
  <testcase name="testHonorsStudentCreation" classname="StudentTest" time="0.002"/>
  <testcase name="testSetAndGetAverageGrade" classname="StudentTest" time="0.001"/>
</testsuite>