<?xml version="1.0" encoding="UTF-8"?>
<testsuite xmlns:xsi="http://www.w3.org/2001/XMLSchema-instance" xsi:noNamespaceSchemaLocation="https://maven.apache.org/surefire/maven-surefire-plugin/xsd/surefire-test-report-3.0.xsd" version="3.0" name="GradeTest" time="0.037" tests="17" errors="0" skipped="0" failures="0">
  <properties>
[...]
</properties>
  <testcase name="testGradeIdGeneration" classname="GradeTest" time="0.001"/>
  <testcase name="testGradeDate" classname="GradeTest" time="0.001"/>
  <testcase name="testGradeValue" classname="GradeTest" time="0.001"/>
  <testcase name="testGrade_Zero" classname="GradeTest" time="0.001"/>
  <testcase name="testGrade_Perfect" classname="GradeTest" time="0.001"/>
  <testcase name="testGradeSubject" classname="GradeTest" time="0.001"/>
  <testcase name="testBoundaryGrade_50" classname="GradeTest" time="0.002"/>
  <testcase name="testBoundaryGrade_60" classname="GradeTest" time="0.001"/>
  <testcase name="testBoundaryGrade_70" classname="GradeTest" time="0.001"/>
  <testcase name="testBoundaryGrade_80" classname="GradeTest" time="0.001"/>
  <testcase name="testGradeStudentId" classname="GradeTest" time="0.001"/>
  <testcase name="testLetterGrade_A" classname="GradeTest" time="0.001"/>
  <testcase name="testLetterGrade_B" classname="GradeTest" time="0.001"/>
  <testcase name="testLetterGrade_C" classname="GradeTest" time="0.001"/>
  <testcase name="testLetterGrade_D" classname="GradeTest" time="0.001"/>
  <testcase name="testLetterGrade_F" classname="GradeTest" time="0.001"/>
  <testcase name="testUniqueGradeIds" classname="GradeTest" time="0.001"/>
</testsuite>